<?xml version="1.0" encoding="UTF-8"?>
<!-- Generated by org.testng.reporters.JUnitReportReporter -->
<testsuite hostname="user-PC" name="catalog.catalogpages.TestCases" tests="1" failures="0" timestamp="4 Aug 2017 00:35:09 GMT" time="46.984" errors="0">
  <testcase name="Testcase3" time="46.984" classname="catalog.catalogpages.TestCases"/>
</testsuite> <!-- catalog.catalogpages.TestCases -->
