<?xml version="1.0" encoding="UTF-8"?>
<!-- Generated by org.testng.reporters.JUnitReportReporter -->
<testsuite hostname="user-PC" name="catalog.catalogpages.TestCases" tests="9" failures="0" timestamp="27 Jul 2017 23:47:37 GMT" time="161.593" errors="0">
  <testcase name="Testcase8" time="28.930" classname="catalog.catalogpages.TestCases"/>
  <testcase name="Testcase5" time="11.343" classname="catalog.catalogpages.TestCases"/>
  <testcase name="Testcase6" time="18.977" classname="catalog.catalogpages.TestCases"/>
  <testcase name="Testcase9" time="15.986" classname="catalog.catalogpages.TestCases"/>
  <testcase name="Testcase3" time="16.041" classname="catalog.catalogpages.TestCases"/>
  <testcase name="ReturningCustomer12" time="18.785" classname="catalog.catalogpages.TestCases"/>
  <testcase name="Testcase7" time="16.678" classname="catalog.catalogpages.TestCases"/>
  <testcase name="Testcase10" time="19.805" classname="catalog.catalogpages.TestCases"/>
  <testcase name="Testcase4" time="15.048" classname="catalog.catalogpages.TestCases"/>
</testsuite> <!-- catalog.catalogpages.TestCases -->
